<?xml version="1.0" encoding="UTF-8"?>
<!-- Generated by org.testng.reporters.JUnitXMLReporter -->
<testsuite hostname="DESKTOP-MCHMIFP" name="Default test" tests="4" failures="0" timestamp="13 Apr 2020 20:26:09 GMT" time="16.188" errors="0">
  <testcase name="enterInformationTest" time="0.064" classname="com.qa.saucedemo.tests.CheckoutPageTest"/>
  <testcase name="correctItemsInCart1Test" time="0.041" classname="com.qa.saucedemo.tests.CheckoutPageTest"/>
  <testcase name="correctItemsIncart2Test" time="0.023" classname="com.qa.saucedemo.tests.CheckoutPageTest"/>
  <testcase name="TotalPriceTest" time="0.006" classname="com.qa.saucedemo.tests.CheckoutPageTest"/>
</testsuite> <!-- Default test -->
