<?xml version="1.0" encoding="UTF-8"?>
<!-- Generated by org.testng.reporters.JUnitXMLReporter -->
<testsuite hostname="DESKTOP-MCHMIFP" name="SaucedemoNW RegressionParallelTesting" tests="3" failures="0" timestamp="13 Apr 2020 23:27:47 GMT" time="26.873" errors="0">
  <testcase name="loginTest" time="1.292" classname="com.qa.saucedemo.tests.LoginPageTest"/>
  <testcase name="sortItemsTest" time="0.005" classname="com.qa.saucedemo.tests.InventoryPageTest$LoginPageTest"/>
  <testcase name="addItemsToCartTest" time="0.003" classname="com.qa.saucedemo.tests.InventoryPageTest$LoginPageTest"/>
</testsuite> <!-- SaucedemoNW RegressionParallelTesting -->
