<?xml version="1.0" encoding="UTF-8"?>
<!-- Generated by org.testng.reporters.JUnitXMLReporter -->
<testsuite hostname="DESKTOP-MCHMIFP" name="SaucedemoNW RegressionParallelTesting" tests="2" failures="0" timestamp="13 Apr 2020 20:58:48 GMT" time="12.818" errors="0">
  <testcase name="sortItemsTest" time="0.011" classname="com.qa.saucedemo.tests.InventoryPageTest$LoginPageTest"/>
  <testcase name="addItemsToCartTest" time="0.003" classname="com.qa.saucedemo.tests.InventoryPageTest$LoginPageTest"/>
</testsuite> <!-- SaucedemoNW RegressionParallelTesting -->
