<?xml version="1.0" encoding="UTF-8"?>
<!-- Generated by org.testng.reporters.JUnitXMLReporter -->
<testsuite hostname="DESKTOP-MCHMIFP" name="SaucedemoNW RegressionParallelTesting-Chrome" tests="2" failures="0" timestamp="13 Apr 2020 23:15:36 GMT" time="27.649" errors="0">
  <testcase name="sortItemsTest" time="0.013" classname="com.qa.saucedemo.tests.InventoryPageTest$LoginPageTest"/>
  <testcase name="addItemsToCartTest" time="0.009" classname="com.qa.saucedemo.tests.InventoryPageTest$LoginPageTest"/>
</testsuite> <!-- SaucedemoNW RegressionParallelTesting-Chrome -->
