<?xml version="1.0" encoding="UTF-8"?>
<!-- Generated by org.testng.reporters.JUnitXMLReporter -->
<testsuite hostname="DESKTOP-MCHMIFP" name="SaucedemoNW RegresstionTesting" tests="10" failures="0" timestamp="13 Apr 2020 20:44:28 GMT" time="49.182" errors="0">
  <testcase name="loginTest" time="0.761" classname="com.qa.saucedemo.tests.LoginPageTest"/>
  <testcase name="addItemsToCartTest" time="0.003" classname="com.qa.saucedemo.tests.InventoryPageTest$LoginPageTest"/>
  <testcase name="sortItemsTest" time="0.005" classname="com.qa.saucedemo.tests.InventoryPageTest$LoginPageTest"/>
  <testcase name="itemOneIsDisplayTest" time="0.05" classname="com.qa.saucedemo.tests.CartPageTest"/>
  <testcase name="enterInformationTest" time="0.167" classname="com.qa.saucedemo.tests.CheckoutPageTest"/>
  <testcase name="itemTwoIsDisplayTest" time="0.063" classname="com.qa.saucedemo.tests.CartPageTest"/>
  <testcase name="correctItemsInCart1Test" time="0.033" classname="com.qa.saucedemo.tests.CheckoutPageTest"/>
  <testcase name="addRemoveCheckoutTest" time="0.301" classname="com.qa.saucedemo.tests.CartPageTest"/>
  <testcase name="correctItemsIncart2Test" time="0.038" classname="com.qa.saucedemo.tests.CheckoutPageTest"/>
  <testcase name="TotalPriceTest" time="0.0" classname="com.qa.saucedemo.tests.CheckoutPageTest"/>
</testsuite> <!-- SaucedemoNW RegresstionTesting -->
